

Microchip Technology PIC18 LITE Macro Assembler V1.36 build -262312587 
                                                                                               Thu Mar 31 00:48:40 2016

Microchip Technology Omniscient Code Generator v1.36 (Free mode) build 201601150325
     1                           	processor	18F1330
     2                           	fnconf	rparam,??,?,0
     3                           	opt	pw 120
     4                           	opt	lm
     5                           	psect	cinit,global,reloc=2,class=CODE,delta=1
     6                           	psect	bssCOMRAM,global,class=COMRAM,space=1,delta=1
     7                           	psect	cstackCOMRAM,global,class=COMRAM,space=1,delta=1
     8                           	psect	text0,global,reloc=2,class=CODE,delta=1
     9                           	psect	text1,global,reloc=2,class=CODE,delta=1
    10                           	psect	intsave_regs,global,class=BIGRAM,space=1,delta=1
    11                           	psect	rparam,global,class=COMRAM,space=1,delta=1
    12  0000                     _BAUDCONbits	set	4024
    13  0000                     _INTCONbits	set	4082
    14  0000                     _OSCCON	set	4051
    15  0000                     _PIE1bits	set	3997
    16  0000                     _PORTBbits	set	3969
    17  0000                     _RCSTAbits	set	4011
    18  0000                     _SPBRG	set	4015
    19  0000                     _T0CONbits	set	4053
    20  0000                     _TMR0H	set	4055
    21  0000                     _TMR0L	set	4054
    22  0000                     _TRISAbits	set	3986
    23  0000                     _TRISBbits	set	3987
    24  0000                     _TXREG	set	4013
    25  0000                     _TXSTAbits	set	4012
    26  0000                     _TMR0IF	set	32658
    27                           
    28                           ; #config settings
    29  0000                     
    30                           	psect	cinit
    31  001F5E                     __pcinit:
    32                           	opt stack 0
    33  001F5E                     start_initialization:
    34                           	opt stack 0
    35  001F5E                     __initialization:
    36                           	opt stack 0
    37                           
    38                           ; Clear objects allocated to COMRAM (7 bytes)
    39  001F5E  EE00  F001         	lfsr	0,__pbssCOMRAM
    40  001F62  0E07               	movlw	7
    41  001F64                     clear_0:
    42  001F64  6AEE               	clrf	postinc0,c
    43  001F66  06E8               	decf	wreg,f,c
    44  001F68  E1FD               	bnz	clear_0
    45  001F6A                     end_of_initialization:
    46                           	opt stack 0
    47  001F6A                     __end_of__initialization:
    48                           	opt stack 0
    49  001F6A  0100               	movlb	0
    50  001F6C  EFD3  F00F         	goto	_main	;jump to C main() function
    51                           postinc0	equ	0xFEE
    52                           wreg	equ	0xFE8
    53                           
    54                           	psect	bssCOMRAM
    55  000001                     __pbssCOMRAM:
    56                           	opt stack 0
    57  000001                     _Data_Send:
    58                           	opt stack 0
    59  000001                     	ds	5
    60  000006                     _Dummy_Var:
    61                           	opt stack 0
    62  000006                     	ds	1
    63  000007                     _Send_Byte_Counter:
    64                           	opt stack 0
    65  000007                     	ds	1
    66                           postinc0	equ	0xFEE
    67                           wreg	equ	0xFE8
    68                           
    69                           	psect	cstackCOMRAM
    70  000008                     __pcstackCOMRAM:
    71                           	opt stack 0
    72  000008                     Delay_Sec@i2:
    73                           	opt stack 0
    74                           
    75                           ; 2 bytes @ 0x0
    76  000008                     	ds	2
    77  00000A                     ??_Delay_Sec:
    78                           
    79                           ; 1 bytes @ 0x2
    80  00000A                     	ds	1
    81  00000B                     Delay_Sec@iseconds:
    82                           	opt stack 0
    83                           
    84                           ; 2 bytes @ 0x3
    85  00000B                     	ds	2
    86  00000D                     postinc0	equ	0xFEE
    87                           wreg	equ	0xFE8
    88                           
    89                           ; 1 bytes @ 0x5
    90 ;;
    91 ;;Main: autosize = 0, tempsize = 0, incstack = 0, save=0
    92 ;;
    93 ;; *************** function _main *****************
    94 ;; Defined at:
    95 ;;		line 113 in file "SGprojSerialChoose_transmit.c"
    96 ;; Parameters:    Size  Location     Type
    97 ;;		None
    98 ;; Auto vars:     Size  Location     Type
    99 ;;		None
   100 ;; Return value:  Size  Location     Type
   101 ;;                  2   47[None  ] int 
   102 ;; Registers used:
   103 ;;		wreg, status,2, status,0, cstack
   104 ;; Tracked objects:
   105 ;;		On entry : 0/0
   106 ;;		On exit  : 0/0
   107 ;;		Unchanged: 0/0
   108 ;; Data sizes:     COMRAM   BANK0
   109 ;;      Params:         0       0
   110 ;;      Locals:         0       0
   111 ;;      Temps:          0       0
   112 ;;      Totals:         0       0
   113 ;;Total ram usage:        0 bytes
   114 ;; Hardware stack levels required when called:    1
   115 ;; This function calls:
   116 ;;		_Delay_Sec
   117 ;; This function is called by:
   118 ;;		Startup code after reset
   119 ;; This function uses a non-reentrant model
   120 ;;
   121                           
   122                           	psect	text0
   123  001FA6                     __ptext0:
   124                           	opt stack 0
   125  001FA6                     _main:
   126                           	opt stack 30
   127                           
   128                           ;SGprojSerialChoose_transmit.c: 118: OSCCON = 0x6C;
   129                           
   130                           ;incstack = 0
   131  001FA6  0E6C               	movlw	108
   132  001FA8  6ED3               	movwf	4051,c	;volatile
   133                           
   134                           ;SGprojSerialChoose_transmit.c: 125: SPBRG = 22;
   135  001FAA  0E16               	movlw	22
   136  001FAC  6EAF               	movwf	4015,c	;volatile
   137                           
   138                           ;SGprojSerialChoose_transmit.c: 126: BAUDCONbits.BRG16 = 0;
   139  001FAE  96B8               	bcf	4024,3,c	;volatile
   140                           
   141                           ;SGprojSerialChoose_transmit.c: 127: TXSTAbits.BRGH = 1;
   142  001FB0  84AC               	bsf	4012,2,c	;volatile
   143                           
   144                           ;SGprojSerialChoose_transmit.c: 129: BAUDCONbits.TXCKP = 0;
   145  001FB2  98B8               	bcf	4024,4,c	;volatile
   146                           
   147                           ;SGprojSerialChoose_transmit.c: 131: TRISAbits.RA3 = 1;
   148  001FB4  8692               	bsf	3986,3,c	;volatile
   149                           
   150                           ;SGprojSerialChoose_transmit.c: 132: TRISBbits.TRISB4 = 0;
   151  001FB6  9893               	bcf	3987,4,c	;volatile
   152                           
   153                           ;SGprojSerialChoose_transmit.c: 133: PORTBbits.RB4 = 0;
   154  001FB8  9881               	bcf	3969,4,c	;volatile
   155                           
   156                           ;SGprojSerialChoose_transmit.c: 135: TRISBbits.RB1 = 1;
   157  001FBA  8293               	bsf	3987,1,c	;volatile
   158                           
   159                           ;SGprojSerialChoose_transmit.c: 137: TRISAbits.RA2 = 1;
   160  001FBC  8492               	bsf	3986,2,c	;volatile
   161                           
   162                           ;SGprojSerialChoose_transmit.c: 139: TXSTAbits.SYNC = 0;
   163  001FBE  98AC               	bcf	4012,4,c	;volatile
   164                           
   165                           ;SGprojSerialChoose_transmit.c: 141: TXSTAbits.TXEN = 1;
   166  001FC0  8AAC               	bsf	4012,5,c	;volatile
   167                           
   168                           ;SGprojSerialChoose_transmit.c: 142: RCSTAbits.SPEN = 1;
   169  001FC2  8EAB               	bsf	4011,7,c	;volatile
   170                           
   171                           ;SGprojSerialChoose_transmit.c: 146: INTCONbits.GIE = 1;
   172  001FC4  8EF2               	bsf	intcon,7,c	;volatile
   173                           
   174                           ;SGprojSerialChoose_transmit.c: 147: INTCONbits.PEIE = 1;
   175  001FC6  8CF2               	bsf	intcon,6,c	;volatile
   176                           
   177                           ;SGprojSerialChoose_transmit.c: 150: PIE1bits.TXIE = 0;
   178  001FC8  989D               	bcf	3997,4,c	;volatile
   179                           
   180                           ;SGprojSerialChoose_transmit.c: 157: T0CONbits.T08BIT = 0;
   181  001FCA  9CD5               	bcf	4053,6,c	;volatile
   182                           
   183                           ;SGprojSerialChoose_transmit.c: 162: T0CONbits.T0CS = 0;
   184  001FCC  9AD5               	bcf	4053,5,c	;volatile
   185                           
   186                           ;SGprojSerialChoose_transmit.c: 166: T0CONbits.PSA = 0;
   187  001FCE  96D5               	bcf	4053,3,c	;volatile
   188                           
   189                           ;SGprojSerialChoose_transmit.c: 171: T0CONbits.T0PS2 = 1;
   190  001FD0  84D5               	bsf	4053,2,c	;volatile
   191                           
   192                           ;SGprojSerialChoose_transmit.c: 172: T0CONbits.T0PS1 = 0;
   193  001FD2  92D5               	bcf	4053,1,c	;volatile
   194                           
   195                           ;SGprojSerialChoose_transmit.c: 173: T0CONbits.T0PS0 = 0;
   196  001FD4  90D5               	bcf	4053,0,c	;volatile
   197  001FD6                     l767:
   198                           
   199                           ;SGprojSerialChoose_transmit.c: 180: {
   200                           ;SGprojSerialChoose_transmit.c: 181: if(PORTBbits.RB1 == 1)
   201  001FD6  A281               	btfss	3969,1,c	;volatile
   202  001FD8  D008               	goto	l773
   203                           
   204                           ;SGprojSerialChoose_transmit.c: 182: {
   205                           ;SGprojSerialChoose_transmit.c: 183: TXREG = 0x55;
   206  001FDA  0E55               	movlw	85
   207  001FDC  6EAD               	movwf	4013,c	;volatile
   208                           
   209                           ;SGprojSerialChoose_transmit.c: 184: Delay_Sec(4);
   210  001FDE  0E00               	movlw	0
   211  001FE0  6E09               	movwf	Delay_Sec@i2+1,c
   212  001FE2  0E04               	movlw	4
   213  001FE4  6E08               	movwf	Delay_Sec@i2,c
   214  001FE6  ECB8  F00F         	call	_Delay_Sec	;wreg free
   215  001FEA                     l773:
   216                           
   217                           ;SGprojSerialChoose_transmit.c: 185: }
   218                           ;SGprojSerialChoose_transmit.c: 186: if(PORTBbits.RB1 == 0)
   219  001FEA  B281               	btfsc	3969,1,c	;volatile
   220  001FEC  D7F4               	goto	l767
   221                           
   222                           ;SGprojSerialChoose_transmit.c: 187: {
   223                           ;SGprojSerialChoose_transmit.c: 188: TXREG = 0x0F;
   224  001FEE  0E0F               	movlw	15
   225  001FF0  6EAD               	movwf	4013,c	;volatile
   226                           
   227                           ;SGprojSerialChoose_transmit.c: 189: Delay_Sec(4);
   228  001FF2  0E00               	movlw	0
   229  001FF4  6E09               	movwf	Delay_Sec@i2+1,c
   230  001FF6  0E04               	movlw	4
   231  001FF8  6E08               	movwf	Delay_Sec@i2,c
   232  001FFA  ECB8  F00F         	call	_Delay_Sec	;wreg free
   233  001FFE  D7EB               	goto	l767
   234  002000                     __end_of_main:
   235                           	opt stack 0
   236                           intcon	equ	0xFF2
   237                           postinc0	equ	0xFEE
   238                           wreg	equ	0xFE8
   239                           
   240 ;; *************** function _Delay_Sec *****************
   241 ;; Defined at:
   242 ;;		line 69 in file "SGprojSerialChoose_transmit.c"
   243 ;; Parameters:    Size  Location     Type
   244 ;;  i2              2    0[COMRAM] int 
   245 ;; Auto vars:     Size  Location     Type
   246 ;;  iseconds        2    3[COMRAM] int 
   247 ;; Return value:  Size  Location     Type
   248 ;;                  1    wreg      void 
   249 ;; Registers used:
   250 ;;		wreg, status,2, status,0
   251 ;; Tracked objects:
   252 ;;		On entry : 0/0
   253 ;;		On exit  : 0/0
   254 ;;		Unchanged: 0/0
   255 ;; Data sizes:     COMRAM   BANK0
   256 ;;      Params:         2       0
   257 ;;      Locals:         2       0
   258 ;;      Temps:          1       0
   259 ;;      Totals:         5       0
   260 ;;Total ram usage:        5 bytes
   261 ;; Hardware stack levels used:    1
   262 ;; This function calls:
   263 ;;		Nothing
   264 ;; This function is called by:
   265 ;;		_main
   266 ;; This function uses a non-reentrant model
   267 ;;
   268                           
   269                           	psect	text1
   270  001F70                     __ptext1:
   271                           	opt stack 0
   272  001F70                     _Delay_Sec:
   273                           	opt stack 30
   274                           
   275                           ;SGprojSerialChoose_transmit.c: 71: int iseconds;
   276                           ;SGprojSerialChoose_transmit.c: 73: for (iseconds = 0; iseconds < i2; iseconds++)
   277                           
   278                           ;incstack = 0
   279  001F70  0E00               	movlw	0
   280  001F72  6E0C               	movwf	Delay_Sec@iseconds+1,c
   281  001F74  0E00               	movlw	0
   282  001F76  6E0B               	movwf	Delay_Sec@iseconds,c
   283  001F78  D00B               	goto	l723
   284  001F7A                     l40:
   285                           
   286                           ;SGprojSerialChoose_transmit.c: 74: {
   287                           ;SGprojSerialChoose_transmit.c: 78: INTCONbits.TMR0IF = 0;
   288  001F7A  94F2               	bcf	intcon,2,c	;volatile
   289                           
   290                           ;SGprojSerialChoose_transmit.c: 87: TMR0H = 0x85;
   291  001F7C  0E85               	movlw	133
   292  001F7E  6ED7               	movwf	4055,c	;volatile
   293                           
   294                           ;SGprojSerialChoose_transmit.c: 88: TMR0L = 0xED;
   295  001F80  0EED               	movlw	237
   296  001F82  6ED6               	movwf	4054,c	;volatile
   297                           
   298                           ;SGprojSerialChoose_transmit.c: 92: T0CONbits.TMR0ON = 1;
   299  001F84  8ED5               	bsf	4053,7,c	;volatile
   300  001F86                     l41:
   301  001F86  A4F2               	btfss	intcon,2,c	;volatile
   302  001F88  D7FE               	goto	l41
   303                           
   304                           ;SGprojSerialChoose_transmit.c: 99: }
   305                           ;SGprojSerialChoose_transmit.c: 102: T0CONbits.TMR0ON = 0;
   306  001F8A  9ED5               	bcf	4053,7,c	;volatile
   307  001F8C  4A0B               	infsnz	Delay_Sec@iseconds,f,c
   308  001F8E  2A0C               	incf	Delay_Sec@iseconds+1,f,c
   309  001F90                     l723:
   310  001F90  5008               	movf	Delay_Sec@i2,w,c
   311  001F92  5C0B               	subwf	Delay_Sec@iseconds,w,c
   312  001F94  500C               	movf	Delay_Sec@iseconds+1,w,c
   313  001F96  0A80               	xorlw	128
   314  001F98  6E0A               	movwf	??_Delay_Sec& (0+255),c
   315  001F9A  5009               	movf	Delay_Sec@i2+1,w,c
   316  001F9C  0A80               	xorlw	128
   317  001F9E  580A               	subwfb	??_Delay_Sec& (0+255),w,c
   318  001FA0  B0D8               	btfsc	status,0,c
   319  001FA2  0012               	return	
   320  001FA4  D7EA               	goto	l40
   321  001FA6                     __end_of_Delay_Sec:
   322                           	opt stack 0
   323  0000                     intcon	equ	0xFF2
   324                           postinc0	equ	0xFEE
   325                           wreg	equ	0xFE8
   326                           status	equ	0xFD8
   327                           intcon	equ	0xFF2
   328                           postinc0	equ	0xFEE
   329                           wreg	equ	0xFE8
   330                           status	equ	0xFD8
   331                           
   332                           	psect	rparam
   333  0000                     intcon	equ	0xFF2
   334                           postinc0	equ	0xFEE
   335                           wreg	equ	0xFE8
   336                           status	equ	0xFD8


Data Sizes:
    Strings     0
    Constant    0
    Data        0
    BSS         7
    Persistent  0
    Stack       0

Auto Spaces:
    Space          Size  Autos    Used
    COMRAM          127      5      12
    BANK0           128      0       0

Pointer List with Targets:

    None.

Critical Paths under _main in COMRAM

    _main->_Delay_Sec

Critical Paths under _main in BANK0

    None.

Call Graph Tables:

 ---------------------------------------------------------------------------------
 (Depth) Function   	        Calls       Base Space   Used Autos Params    Refs
 ---------------------------------------------------------------------------------
 (0) _main                                                 0     0      0     132
                          _Delay_Sec
 ---------------------------------------------------------------------------------
 (1) _Delay_Sec                                            5     3      2     132
                                              0 COMRAM     5     3      2
 ---------------------------------------------------------------------------------
 Estimated maximum stack depth 1
 ---------------------------------------------------------------------------------

 Call Graph Graphs:

 _main (ROOT)
   _Delay_Sec

 Address spaces:
Name               Size   Autos  Total    Cost      Usage
BIGRAM              FF      0       0       6        0.0%
EEDATA              80      0       0       0        0.0%
BITBANK0            80      0       0       3        0.0%
BANK0               80      0       0       4        0.0%
BITCOMRAM           7F      0       0       0        0.0%
COMRAM              7F      5       C       1        9.4%
BITSFR               0      0       0      40        0.0%
SFR                  0      0       0      40        0.0%
STACK                0      0       0       2        0.0%
NULL                 0      0       0       0        0.0%
ABS                  0      0       C       5        0.0%
DATA                 0      0       C       7        0.0%
CODE                 0      0       0       0        0.0%


Microchip Technology PIC18 Macro Assembler V1.36 build -262312587 
Symbol Table                                                                                   Thu Mar 31 00:48:40 2016

                     l40 1F7A                       l41 1F86              __CFG_BORV$3 000000  
           __CFG_CP0$OFF 000000             __CFG_CP1$OFF 000000                      l723 1F90  
                    l773 1FEA                      l767 1FD6             __CFG_CPB$OFF 000000  
           __CFG_CPD$OFF 000000                      wreg 000FE8             __CFG_WDT$OFF 000000  
          __CFG_BOR$BOHW 000000                     _main 1FA6                     start 0000  
          __CFG_IESO$OFF 000000            __CFG_MCLRE$ON 000000             ___param_bank 000010  
                  ?_main 0008                    _TMR0H 000FD7                    _TMR0L 000FD6  
                  _SPBRG 000FAF                    _TXREG 000FAD            __CFG_PWRT$OFF 000000  
          __CFG_WRT0$OFF 000000            __CFG_WRT1$OFF 000000           __CFG_EBTR0$OFF 000000  
         __CFG_FCMEN$OFF 000000           __CFG_EBTR1$OFF 000000            __CFG_WRTB$OFF 000000  
          __CFG_WRTC$OFF 000000            __CFG_WRTD$OFF 000000           __CFG_EBTRB$OFF 000000  
                  status 000FD8          __initialization 1F5E           __CFG_HPOL$HIGH 000000  
           __end_of_main 2000       __size_of_Delay_Sec 0036           __CFG_LPOL$HIGH 000000  
                 ??_main 000D            __activetblptr 000000                   _OSCCON 000FD3  
                 _TMR0IF 007F92           __CFG_XINST$OFF 000000           __CFG_STVREN$ON 000000  
                 clear_0 1F64        __end_of_Delay_Sec 1FA6               __accesstop 0080  
__end_of__initialization 1F6A          __CFG_FLTAMX$RA5 000000            ___rparam_used 000001  
         __pcstackCOMRAM 0008          __CFG_OSC$INTIO1 000000        _Send_Byte_Counter 0007  
       __CFG_BBSIZ$BB256 000000          __CFG_PWMPIN$OFF 000000                  __Hparam 0000  
                __Lparam 0000                  __pcinit 1F5E                  __ramtop 0100  
                __ptext0 1FA6                  __ptext1 1F70                _T0CONbits 000FD5  
      Delay_Sec@iseconds 000B     end_of_initialization 1F6A                _RCSTAbits 000FAB  
                postinc0 000FEE                _PORTBbits 000F81                _TRISAbits 000F92  
              _TRISBbits 000F93                _Data_Send 0001                _TXSTAbits 000FAC  
       __CFG_T1OSCMX$LOW 000000                _Delay_Sec 1F70              _BAUDCONbits 000FB8  
    start_initialization 1F5E                _Dummy_Var 0006               ?_Delay_Sec 0008  
            __pbssCOMRAM 0001                 _PIE1bits 000F9D              ??_Delay_Sec 000A  
       __CFG_WDTPS$32768 000000              Delay_Sec@i2 0008                 __Hrparam 0000  
               __Lrparam 0000            __size_of_main 005A               _INTCONbits 000FF2  
